c:\users\jinwoo\documents\visual studio 2013\projects\fortress\fortress\release\fortress.pch
c:\users\jinwoo\documents\visual studio 2013\projects\fortress\fortress\release\vc120.pdb
c:\users\jinwoo\documents\visual studio 2013\projects\fortress\fortress\release\dxut.obj
c:\users\jinwoo\documents\visual studio 2013\projects\fortress\fortress\release\moveto.obj
c:\users\jinwoo\documents\visual studio 2013\projects\fortress\fortress\release\moveby.obj
c:\users\jinwoo\documents\visual studio 2013\projects\fortress\fortress\release\memptrreader.obj
c:\users\jinwoo\documents\visual studio 2013\projects\fortress\fortress\release\dx2dxstruct.obj
c:\users\jinwoo\documents\visual studio 2013\projects\fortress\fortress\release\layer.obj
c:\users\jinwoo\documents\visual studio 2013\projects\fortress\fortress\release\label.obj
c:\users\jinwoo\documents\visual studio 2013\projects\fortress\fortress\release\input.obj
c:\users\jinwoo\documents\visual studio 2013\projects\fortress\fortress\release\scoreboard.obj
c:\users\jinwoo\documents\visual studio 2013\projects\fortress\fortress\release\game.obj
c:\users\jinwoo\documents\visual studio 2013\projects\fortress\fortress\release\endianswap.obj
c:\users\jinwoo\documents\visual studio 2013\projects\fortress\fortress\release\director.obj
c:\users\jinwoo\documents\visual studio 2013\projects\fortress\fortress\release\camera.obj
c:\users\jinwoo\documents\visual studio 2013\projects\fortress\fortress\release\callfunc.obj
c:\users\jinwoo\documents\visual studio 2013\projects\fortress\fortress\release\button.obj
c:\users\jinwoo\documents\visual studio 2013\projects\fortress\fortress\release\bullet.obj
c:\users\jinwoo\documents\visual studio 2013\projects\fortress\fortress\release\blink.obj
c:\users\jinwoo\documents\visual studio 2013\projects\fortress\fortress\release\autoreleasepool.obj
c:\users\jinwoo\documents\visual studio 2013\projects\fortress\fortress\release\appdelegate.obj
c:\users\jinwoo\documents\visual studio 2013\projects\fortress\fortress\release\actionmanager.obj
c:\users\jinwoo\documents\visual studio 2013\projects\fortress\fortress\release\action.obj
c:\users\jinwoo\documents\visual studio 2013\projects\fortress\fortress\release\dxutmisc.obj
c:\users\jinwoo\documents\visual studio 2013\projects\fortress\fortress\release\dxutenum.obj
c:\users\jinwoo\documents\visual studio 2013\projects\fortress\fortress\release\wait.obj
c:\users\jinwoo\documents\visual studio 2013\projects\fortress\fortress\release\userfunc.obj
c:\users\jinwoo\documents\visual studio 2013\projects\fortress\fortress\release\ttf.obj
c:\users\jinwoo\documents\visual studio 2013\projects\fortress\fortress\release\titlescene.obj
c:\users\jinwoo\documents\visual studio 2013\projects\fortress\fortress\release\gamescene.obj
c:\users\jinwoo\documents\visual studio 2013\projects\fortress\fortress\release\tintto.obj
c:\users\jinwoo\documents\visual studio 2013\projects\fortress\fortress\release\texturemanager.obj
c:\users\jinwoo\documents\visual studio 2013\projects\fortress\fortress\release\tank.obj
c:\users\jinwoo\documents\visual studio 2013\projects\fortress\fortress\release\sprite.obj
c:\users\jinwoo\documents\visual studio 2013\projects\fortress\fortress\release\sound.obj
c:\users\jinwoo\documents\visual studio 2013\projects\fortress\fortress\release\sequence.obj
c:\users\jinwoo\documents\visual studio 2013\projects\fortress\fortress\release\scoredialog.obj
c:\users\jinwoo\documents\visual studio 2013\projects\fortress\fortress\release\scene.obj
c:\users\jinwoo\documents\visual studio 2013\projects\fortress\fortress\release\repeatforever.obj
c:\users\jinwoo\documents\visual studio 2013\projects\fortress\fortress\release\repeat.obj
c:\users\jinwoo\documents\visual studio 2013\projects\fortress\fortress\release\ref.obj
c:\users\jinwoo\documents\visual studio 2013\projects\fortress\fortress\release\node.obj
c:\users\jinwoo\documents\visual studio 2013\projects\fortress\fortress\release\dx2dxfunc.obj
c:\users\jinwoo\documents\visual studio 2013\projects\fortress\fortress\release\emptyproject.obj
c:\users\jinwoo\documents\visual studio 2013\projects\fortress\fortress\release\sdkmisc.obj
c:\users\jinwoo\documents\visual studio 2013\projects\fortress\fortress\release\sdkmesh.obj
c:\users\jinwoo\documents\visual studio 2013\projects\fortress\fortress\release\dxutsettingsdlg.obj
c:\users\jinwoo\documents\visual studio 2013\projects\fortress\fortress\release\dxutres.obj
c:\users\jinwoo\documents\visual studio 2013\projects\fortress\fortress\release\dxutgui.obj
c:\users\jinwoo\documents\visual studio 2013\projects\fortress\fortress\release\dxutcamera.obj
c:\users\jinwoo\documents\visual studio 2013\projects\fortress\fortress\release\emptyproject.res
c:\users\jinwoo\documents\visual studio 2013\projects\fortress\fortress\release\fortress.tlog\cl.command.1.tlog
c:\users\jinwoo\documents\visual studio 2013\projects\fortress\fortress\release\fortress.tlog\cl.read.1.tlog
c:\users\jinwoo\documents\visual studio 2013\projects\fortress\fortress\release\fortress.tlog\cl.write.1.tlog
c:\users\jinwoo\documents\visual studio 2013\projects\fortress\fortress\release\fortress.tlog\link.command.1.tlog
c:\users\jinwoo\documents\visual studio 2013\projects\fortress\fortress\release\fortress.tlog\link.read.1.tlog
c:\users\jinwoo\documents\visual studio 2013\projects\fortress\fortress\release\fortress.tlog\link.write.1.tlog
c:\users\jinwoo\documents\visual studio 2013\projects\fortress\fortress\release\fortress.tlog\rc.command.1.tlog
c:\users\jinwoo\documents\visual studio 2013\projects\fortress\fortress\release\fortress.tlog\rc.read.1.tlog
c:\users\jinwoo\documents\visual studio 2013\projects\fortress\fortress\release\fortress.tlog\rc.write.1.tlog
